Failed to create secure directory (/run/user/34349/pulse): No such file or directory
ALSA lib confmisc.c:767:(parse_card) cannot find card '0'
ALSA lib conf.c:4743:(_snd_config_evaluate) function snd_func_card_driver returned error: No such file or directory
ALSA lib confmisc.c:392:(snd_func_concat) error evaluating strings
ALSA lib conf.c:4743:(_snd_config_evaluate) function snd_func_concat returned error: No such file or directory
ALSA lib confmisc.c:1246:(snd_func_refer) error evaluating name
ALSA lib conf.c:4743:(_snd_config_evaluate) function snd_func_refer returned error: No such file or directory
ALSA lib conf.c:5231:(snd_config_expand) Evaluate error: No such file or directory
ALSA lib pcm.c:2660:(snd_pcm_open_noupdate) Unknown PCM default
/g100/home/userexternal/abarbin0/.conda/envs/a2c/lib/python3.6/site-packages/torch/nn/modules/container.py:139: UserWarning: Implicit dimension choice for softmax has been deprecated. Change the call to include dim=X as an argument.
  input = module(input)
pygame 2.1.3 (SDL 2.0.22, Python 3.6.1)
Hello from the pygame community. https://www.pygame.org/contribute.html
step : 0
ii 0
ii 1
ii 2
ii 3
ii 4
ii 5
ii 6
ii 7
ii 8
ii 9
ii 0
ii 1
ii 2
ii 3
ii 4
ii 5
ii 6
ii 7
ii 8
ii 9
step : 1
ii 0
ii 1
ii 2
ii 3
ii 4
ii 5
ii 6
ii 7
ii 8
ii 9
ii 0
ii 1
ii 2
ii 3
ii 4
ii 5
ii 6
ii 7
ii 8
ii 9
step : 2
ii 0
ii 1
ii 2
ii 3
ii 4
ii 5
ii 6
ii 7
ii 8
ii 9
ii 0
ii 1
ii 2
ii 3
ii 4
ii 5
ii 6
ii 7
ii 8
ii 9
step : 3
ii 0
ii 1
ii 2
ii 3
ii 4
ii 5
ii 6
ii 7
ii 8
ii 9
ii 0
ii 1
ii 2
ii 3
ii 4
ii 5
ii 6
ii 7
ii 8
ii 9
step : 4
ii 0
ii 1
ii 2
ii 3
ii 4
ii 5
ii 6
ii 7
ii 8
ii 9
ii 0
ii 1
ii 2
ii 3
ii 4
ii 5
ii 6
ii 7
ii 8
ii 9
step : 5
ii 0
ii 1
ii 2
ii 3
ii 4
ii 5
ii 6
ii 7
ii 8
ii 9
ii 0
ii 1
ii 2
ii 3
ii 4
ii 5
ii 6
ii 7
ii 8
ii 9
step : 6
ii 0
ii 1
ii 2
ii 3
ii 4
ii 5
ii 6
ii 7
ii 8
ii 9
ii 0
ii 1
ii 2
ii 3
ii 4
ii 5
ii 6
ii 7
ii 8
ii 9
step : 7
ii 0
ii 1
ii 2
ii 3
ii 4
ii 5
ii 6
ii 7
ii 8
ii 9
ii 0
ii 1
ii 2
ii 3
ii 4
ii 5
ii 6
ii 7
ii 8
ii 9
step : 8
ii 0
ii 1
ii 2
ii 3
ii 4
ii 5
ii 6
ii 7
ii 8
ii 9
ii 0
ii 1
ii 2
ii 3
ii 4
ii 5
ii 6
ii 7
ii 8
ii 9
step : 9
ii 0
ii 1
ii 2
ii 3
ii 4
ii 5
ii 6
ii 7
ii 8
ii 9
ii 0
ii 1
ii 2
ii 3
ii 4
ii 5
ii 6
ii 7
ii 8
ii 9
step : 0
ii 0
ii 1
ii 2
ii 3
ii 4
ii 5
ii 6
ii 7
ii 8
ii 9
ii 0
ii 1
ii 2
ii 3
ii 4
ii 5
ii 6
ii 7
ii 8
ii 9
step : 1
ii 0
ii 1
ii 2
ii 3
ii 4
ii 5
ii 6
ii 7
ii 8
ii 9
ii 0
ii 1
ii 2
ii 3
ii 4
ii 5
ii 6
ii 7
ii 8
ii 9
step : 2
ii 0
ii 1
ii 2
ii 3
ii 4
ii 5
ii 6
ii 7
ii 8
ii 9
ii 0
ii 1
ii 2
ii 3
ii 4
ii 5
ii 6
ii 7
ii 8
ii 9
step : 3
ii 0
ii 1
ii 2
ii 3
ii 4
ii 5
ii 6
ii 7
ii 8
ii 9
ii 0
ii 1
ii 2
ii 3
ii 4
ii 5
ii 6
ii 7
ii 8
ii 9
step : 4
ii 0
ii 1
ii 2
ii 3
ii 4
ii 5
ii 6
ii 7
ii 8
ii 9
ii 0
ii 1
ii 2
ii 3
ii 4
ii 5
ii 6
ii 7
ii 8
ii 9
step : 5
ii 0
ii 1
ii 2
ii 3
ii 4
ii 5
ii 6
ii 7
ii 8
ii 9
ii 0
ii 1
ii 2
ii 3
ii 4
ii 5
ii 6
ii 7
ii 8
ii 9
step : 6
ii 0
ii 1
ii 2
ii 3
ii 4
ii 5
ii 6
ii 7
ii 8
ii 9
ii 0
ii 1
ii 2
ii 3
ii 4
ii 5
ii 6
ii 7
ii 8
ii 9
step : 7
ii 0
ii 1
ii 2
ii 3
ii 4
ii 5
ii 6
ii 7
ii 8
ii 9
ii 0
ii 1
ii 2
ii 3
ii 4
ii 5
ii 6
ii 7
ii 8
ii 9
step : 8
ii 0
ii 1
ii 2
ii 3
ii 4
ii 5
ii 6
ii 7
ii 8
ii 9
ii 0
ii 1
ii 2
ii 3
ii 4
ii 5
ii 6
ii 7
ii 8
ii 9
step : 9
ii 0
ii 1
ii 2
ii 3
ii 4
ii 5
ii 6
ii 7
ii 8
ii 9
ii 0
ii 1
ii 2
ii 3
ii 4
ii 5
ii 6
ii 7
ii 8
ii 9
x_axis
[[1, 1], [2, 2], [3, 3], [4, 4], [5, 5], [6, 6], [7, 7], [8, 8], [9, 9], [10, 10], [11, 11], [12, 12], [13, 13], [14, 14], [15, 15], [16, 16], [17, 17], [18, 18], [19, 19], [20, 20]]
rewards
[[-34, -30], [-38, -30], [-30, -31], [-30, -30], [-30, -30], [-38, -30], [-30, -37], [-30, -23], [-31, -25], [-30, -38], [-31, -38], [-38, -32], [-30, -30], [-30, -30], [-29, -36], [-39, -33], [-33, -31], [-30, -39], [-38, -24], [-30, -30]]
final_x_axis
[1, 1, 2, 2, 3, 3, 4, 4, 5, 5, 6, 6, 7, 7, 8, 8, 9, 9, 10, 10, 11, 11, 12, 12, 13, 13, 14, 14, 15, 15, 16, 16, 17, 17, 18, 18, 19, 19, 20, 20]
final_test_rewards
[-34, -30, -38, -30, -30, -31, -30, -30, -30, -30, -38, -30, -30, -37, -30, -23, -31, -25, -30, -38, -31, -38, -38, -32, -30, -30, -30, -30, -29, -36, -39, -33, -33, -31, -30, -39, -38, -24, -30, -30]
